<?xml version="1.0" encoding="UTF-8" ?>
<testsuite tests="7" failures="6" name="cz.cvut.fel.pjv.data.AirplaneTest" time="0.023" errors="0" skipped="0">
  <properties>
[...]
</properties>
  <testcase classname="cz.cvut.fel.pjv.data.AirplaneTest" name="cz.cvut.fel.pjv.data.AirplaneTest.testGetNearbyAirplanes" time="0.019">
    <failure message="Cannot invoke &quot;cz.cvut.fel.pjv.data.Flight.connectAirplane(cz.cvut.fel.pjv.data.Airplane)&quot; because &quot;flight&quot; is null" type="java.lang.NullPointerException">java.lang.NullPointerException: Cannot invoke &quot;cz.cvut.fel.pjv.data.Flight.connectAirplane(cz.cvut.fel.pjv.data.Airplane)&quot; because &quot;flight&quot; is null
	at cz.cvut.fel.pjv.data.Airplane.&lt;init&gt;(Airplane.java:72)
	at cz.cvut.fel.pjv.data.AirplaneTest.testGetNearbyAirplanes(AirplaneTest.java:56)
</failure>
  </testcase>
  <testcase classname="cz.cvut.fel.pjv.data.AirplaneTest" name="cz.cvut.fel.pjv.data.AirplaneTest.testPerformWaitingCycle" time="0">
    <failure message="Cannot invoke &quot;cz.cvut.fel.pjv.data.Airplane.performWaitingCycle()&quot; because &quot;this.airplane&quot; is null" type="java.lang.NullPointerException">java.lang.NullPointerException: Cannot invoke &quot;cz.cvut.fel.pjv.data.Airplane.performWaitingCycle()&quot; because &quot;this.airplane&quot; is null
	at cz.cvut.fel.pjv.data.AirplaneTest.testPerformWaitingCycle(AirplaneTest.java:88)
</failure>
  </testcase>
  <testcase classname="cz.cvut.fel.pjv.data.AirplaneTest" name="cz.cvut.fel.pjv.data.AirplaneTest.testCalculateDistance" time="0"/>
  <testcase classname="cz.cvut.fel.pjv.data.AirplaneTest" name="cz.cvut.fel.pjv.data.AirplaneTest.testHandleCrash" time="0.001">
    <failure message="Cannot invoke &quot;cz.cvut.fel.pjv.data.Flight.connectAirplane(cz.cvut.fel.pjv.data.Airplane)&quot; because &quot;flight&quot; is null" type="java.lang.NullPointerException">java.lang.NullPointerException: Cannot invoke &quot;cz.cvut.fel.pjv.data.Flight.connectAirplane(cz.cvut.fel.pjv.data.Airplane)&quot; because &quot;flight&quot; is null
	at cz.cvut.fel.pjv.data.Airplane.&lt;init&gt;(Airplane.java:72)
	at cz.cvut.fel.pjv.data.AirplaneTest.testHandleCrash(AirplaneTest.java:67)
</failure>
  </testcase>
  <testcase classname="cz.cvut.fel.pjv.data.AirplaneTest" name="cz.cvut.fel.pjv.data.AirplaneTest.testFlyTo" time="0">
    <failure message="Cannot assign field &quot;latitude&quot; because &quot;this.airplane&quot; is null" type="java.lang.NullPointerException">java.lang.NullPointerException: Cannot assign field &quot;latitude&quot; because &quot;this.airplane&quot; is null
	at cz.cvut.fel.pjv.data.AirplaneTest.testFlyTo(AirplaneTest.java:38)
</failure>
  </testcase>
  <testcase classname="cz.cvut.fel.pjv.data.AirplaneTest" name="cz.cvut.fel.pjv.data.AirplaneTest.testLand" time="0.001">
    <failure message="Cannot invoke &quot;cz.cvut.fel.pjv.data.Airplane.land()&quot; because &quot;this.airplane&quot; is null" type="java.lang.NullPointerException">java.lang.NullPointerException: Cannot invoke &quot;cz.cvut.fel.pjv.data.Airplane.land()&quot; because &quot;this.airplane&quot; is null
	at cz.cvut.fel.pjv.data.AirplaneTest.testLand(AirplaneTest.java:82)
</failure>
  </testcase>
  <testcase classname="cz.cvut.fel.pjv.data.AirplaneTest" name="cz.cvut.fel.pjv.data.AirplaneTest.testTakeOff" time="0.002">
    <failure message="Cannot invoke &quot;cz.cvut.fel.pjv.data.Airplane.takeOff()&quot; because &quot;this.airplane&quot; is null" type="java.lang.NullPointerException">java.lang.NullPointerException: Cannot invoke &quot;cz.cvut.fel.pjv.data.Airplane.takeOff()&quot; because &quot;this.airplane&quot; is null
	at cz.cvut.fel.pjv.data.AirplaneTest.testTakeOff(AirplaneTest.java:77)
</failure>
  </testcase>
</testsuite>